<?xml version="1.0" encoding="UTF-8"?>
<testng-results ignored="0" total="1" passed="1" failed="0" skipped="0">
  <reporter-output>
    <line>
      <![CDATA[CreateCustomer]]>
    </line>
  </reporter-output>
  <suite started-at="2021-09-21T13:09:07 IST" name="Default suite" finished-at="2021-09-21T13:09:07 IST" duration-ms="54">
    <groups>
    </groups>
    <test started-at="2021-09-21T13:09:07 IST" name="Default test" finished-at="2021-09-21T13:09:07 IST" duration-ms="54">
      <class name="com.actitime.testscript.CustomerModule">
        <test-method signature="testCreateCustomer()[pri:0, instance:com.actitime.testscript.CustomerModule@49912c99]" started-at="2021-09-21T13:09:07 IST" name="testCreateCustomer" finished-at="2021-09-21T13:09:07 IST" duration-ms="10" status="PASS">
          <reporter-output>
            <line>
              <![CDATA[CreateCustomer]]>
            </line>
          </reporter-output>
        </test-method> <!-- testCreateCustomer -->
      </class> <!-- com.actitime.testscript.CustomerModule -->
    </test> <!-- Default test -->
  </suite> <!-- Default suite -->
</testng-results>
